Jan 10 05:54:25 Installed: screen-4.1.0-0.25.20120314git3c2946.el7.x86_64
Jan 10 05:58:07 Installed: wget-1.14-18.el7.x86_64
Jan 10 06:03:16 Installed: mpfr-3.1.1-4.el7.x86_64
Jan 10 06:03:16 Installed: libmpc-1.0.1-3.el7.x86_64
Jan 10 06:03:16 Installed: zlib-devel-1.2.7-18.el7.x86_64
Jan 10 06:03:16 Installed: m4-1.4.16-10.el7.x86_64
Jan 10 06:03:17 Installed: cpp-4.8.5-36.el7.x86_64
Jan 10 06:03:17 Installed: libsepol-devel-2.5-10.el7.x86_64
Jan 10 06:03:18 Installed: kernel-headers-3.10.0-957.1.3.el7.x86_64
Jan 10 06:03:18 Installed: glibc-headers-2.17-260.el7.x86_64
Jan 10 06:03:18 Installed: glibc-devel-2.17-260.el7.x86_64
Jan 10 06:03:18 Installed: libkadm5-1.15.1-34.el7.x86_64
Jan 10 06:03:18 Installed: libverto-devel-0.2.5-4.el7.x86_64
Jan 10 06:03:18 Installed: libcom_err-devel-1.42.9-13.el7.x86_64
Jan 10 06:03:18 Installed: pcre-devel-8.32-17.el7.x86_64
Jan 10 06:03:18 Installed: libselinux-devel-2.5-14.1.el7.x86_64
Jan 10 06:03:18 Installed: keyutils-libs-devel-1.5.8-3.el7.x86_64
Jan 10 06:03:19 Installed: krb5-devel-1.15.1-34.el7.x86_64
Jan 10 06:03:19 Installed: 1:openssl-devel-1.0.2k-16.el7.x86_64
Jan 10 06:03:21 Installed: gcc-4.8.5-36.el7.x86_64
Jan 10 06:03:21 Installed: flex-2.5.37-6.el7.x86_64
Jan 10 06:03:21 Installed: bison-3.0.4-2.el7.x86_64
Jan 10 06:03:21 Installed: elfutils-libelf-devel-0.172-2.el7.x86_64
Jan 10 06:03:21 Installed: ncurses-devel-5.9-14.20130511.el7_4.x86_64
Jan 10 06:03:21 Installed: bc-1.06.95-13.el7.x86_64
Jan 10 07:50:09 Installed: 1:perl-parent-0.225-244.el7.noarch
Jan 10 07:50:09 Installed: perl-HTTP-Tiny-0.033-3.el7.noarch
Jan 10 07:50:10 Installed: perl-podlators-2.5.1-3.el7.noarch
Jan 10 07:50:10 Installed: perl-Pod-Perldoc-3.20-4.el7.noarch
Jan 10 07:50:10 Installed: 1:perl-Pod-Escapes-1.04-293.el7.noarch
Jan 10 07:50:10 Installed: perl-Encode-2.51-7.el7.x86_64
Jan 10 07:50:10 Installed: perl-Text-ParseWords-3.29-4.el7.noarch
Jan 10 07:50:10 Installed: perl-Pod-Usage-1.63-3.el7.noarch
Jan 10 07:50:10 Installed: 4:perl-macros-5.16.3-293.el7.x86_64
Jan 10 07:50:10 Installed: perl-Storable-2.45-3.el7.x86_64
Jan 10 07:50:10 Installed: perl-Exporter-5.68-3.el7.noarch
Jan 10 07:50:10 Installed: perl-constant-1.27-2.el7.noarch
Jan 10 07:50:10 Installed: perl-Time-Local-1.2300-2.el7.noarch
Jan 10 07:50:10 Installed: perl-Socket-2.010-4.el7.x86_64
Jan 10 07:50:10 Installed: perl-Carp-1.26-244.el7.noarch
Jan 10 07:50:10 Installed: 4:perl-Time-HiRes-1.9725-3.el7.x86_64
Jan 10 07:50:10 Installed: perl-PathTools-3.40-5.el7.x86_64
Jan 10 07:50:10 Installed: perl-Scalar-List-Utils-1.27-248.el7.x86_64
Jan 10 07:50:10 Installed: 1:perl-Pod-Simple-3.28-4.el7.noarch
Jan 10 07:50:10 Installed: perl-File-Temp-0.23.01-3.el7.noarch
Jan 10 07:50:10 Installed: perl-File-Path-2.09-2.el7.noarch
Jan 10 07:50:10 Installed: perl-threads-shared-1.43-6.el7.x86_64
Jan 10 07:50:10 Installed: perl-threads-1.87-4.el7.x86_64
Jan 10 07:50:10 Installed: perl-Filter-1.49-3.el7.x86_64
Jan 10 07:50:10 Installed: 4:perl-libs-5.16.3-293.el7.x86_64
Jan 10 07:50:11 Installed: perl-Getopt-Long-2.40-3.el7.noarch
Jan 10 07:50:12 Installed: 4:perl-5.16.3-293.el7.x86_64
Jan 10 10:16:10 Installed: 1:perl-Error-0.17020-2.el7.noarch
Jan 10 10:16:10 Installed: perl-TermReadKey-2.30-20.el7.x86_64
Jan 10 10:16:11 Installed: git-1.8.3.1-20.el7.x86_64
Jan 10 10:16:11 Installed: perl-Git-1.8.3.1-20.el7.noarch
